<?xml version="1.0" encoding="UTF-8"?>
<!-- Generated by org.testng.reporters.JUnitReportReporter -->
<testsuite skipped="0" hostname="HEN018448" name="restassure.New_Rest_Demo" tests="1" failures="0" timestamp="2021-11-08T14:23:00 EST" time="8.291" errors="0">
  <testcase name="testDemo" time="8.291" classname="restassure.New_Rest_Demo"/>
  <system-out/>
</testsuite> <!-- restassure.New_Rest_Demo -->
