<?xml version="1.0" encoding="UTF-8"?>
<!-- Generated by org.testng.reporters.JUnitReportReporter -->
<testsuite skipped="0" hostname="HEN018448" name="restassure.Test_Get" tests="1" failures="0" timestamp="2021-11-08T14:22:26 EST" time="138.466" errors="0">
  <testcase name="offerLookup" time="138.466" classname="restassure.Test_Get"/>
  <system-out/>
</testsuite> <!-- restassure.Test_Get -->
